<?xml version="1.0" encoding="UTF-8" ?>
<testsuite tests="20" failures="0" name="env.RunCukeTest" time="0.735" errors="0" skipped="16">
  <properties>
    <property name="java.runtime.name" value="Java(TM) SE Runtime Environment"/>
    <property name="sun.boot.library.path" value="/usr/lib/jvm/java-8-oracle/jre/lib/amd64"/>
    <property name="java.vm.version" value="25.181-b13"/>
    <property name="java.vm.vendor" value="Oracle Corporation"/>
    <property name="maven.multiModuleProjectDirectory" value="/home/alex/workspace/selenium-cucumber-java-maven-example"/>
    <property name="java.vendor.url" value="http://java.oracle.com/"/>
    <property name="path.separator" value=":"/>
    <property name="guice.disable.misplaced.annotation.check" value="true"/>
    <property name="java.vm.name" value="Java HotSpot(TM) 64-Bit Server VM"/>
    <property name="file.encoding.pkg" value="sun.io"/>
    <property name="user.country" value="NZ"/>
    <property name="sun.java.launcher" value="SUN_STANDARD"/>
    <property name="sun.os.patch.level" value="unknown"/>
    <property name="java.vm.specification.name" value="Java Virtual Machine Specification"/>
    <property name="user.dir" value="/home/alex/workspace/selenium-cucumber-java-maven-example"/>
    <property name="java.runtime.version" value="1.8.0_181-b13"/>
    <property name="java.awt.graphicsenv" value="sun.awt.X11GraphicsEnvironment"/>
    <property name="java.endorsed.dirs" value="/usr/lib/jvm/java-8-oracle/jre/lib/endorsed"/>
    <property name="os.arch" value="amd64"/>
    <property name="java.io.tmpdir" value="/tmp"/>
    <property name="line.separator" value="
"/>
    <property name="java.vm.specification.vendor" value="Oracle Corporation"/>
    <property name="os.name" value="Linux"/>
    <property name="classworlds.conf" value="/home/alex/workspace/.metadata/.plugins/org.eclipse.m2e.launching/launches/m2conf2705800982430912159.tmp"/>
    <property name="sun.jnu.encoding" value="UTF-8"/>
    <property name="java.library.path" value="/usr/java/packages/lib/amd64:/usr/lib64:/lib64:/lib:/usr/lib"/>
    <property name="java.specification.name" value="Java Platform API Specification"/>
    <property name="java.class.version" value="52.0"/>
    <property name="sun.management.compiler" value="HotSpot 64-Bit Tiered Compilers"/>
    <property name="os.version" value="4.15.0-38-generic"/>
    <property name="user.home" value="/home/alex"/>
    <property name="user.timezone" value="Pacific/Auckland"/>
    <property name="java.awt.printerjob" value="sun.print.PSPrinterJob"/>
    <property name="file.encoding" value="UTF-8"/>
    <property name="java.specification.version" value="1.8"/>
    <property name="user.name" value="alex"/>
    <property name="java.class.path" value="/home/alex/Downloads/eclipse/plugins/org.eclipse.m2e.maven.runtime_1.8.3.20180227-2135/jars/plexus-classworlds-2.5.2.jar"/>
    <property name="java.vm.specification.version" value="1.8"/>
    <property name="sun.arch.data.model" value="64"/>
    <property name="java.home" value="/usr/lib/jvm/java-8-oracle/jre"/>
    <property name="sun.java.command" value="org.codehaus.plexus.classworlds.launcher.Launcher -B install"/>
    <property name="java.specification.vendor" value="Oracle Corporation"/>
    <property name="user.language" value="en"/>
    <property name="awt.toolkit" value="sun.awt.X11.XToolkit"/>
    <property name="java.vm.info" value="mixed mode"/>
    <property name="java.version" value="1.8.0_181"/>
    <property name="java.ext.dirs" value="/usr/lib/jvm/java-8-oracle/jre/lib/ext:/usr/java/packages/lib/ext"/>
    <property name="securerandom.source" value="file:/dev/./urandom"/>
    <property name="sun.boot.class.path" value="/usr/lib/jvm/java-8-oracle/jre/lib/resources.jar:/usr/lib/jvm/java-8-oracle/jre/lib/rt.jar:/usr/lib/jvm/java-8-oracle/jre/lib/sunrsasign.jar:/usr/lib/jvm/java-8-oracle/jre/lib/jsse.jar:/usr/lib/jvm/java-8-oracle/jre/lib/jce.jar:/usr/lib/jvm/java-8-oracle/jre/lib/charsets.jar:/usr/lib/jvm/java-8-oracle/jre/lib/jfr.jar:/usr/lib/jvm/java-8-oracle/jre/classes"/>
    <property name="java.vendor" value="Oracle Corporation"/>
    <property name="maven.home" value="/home/alex/workspace/selenium-cucumber-java-maven-example/EMBEDDED"/>
    <property name="file.separator" value="/"/>
    <property name="java.vendor.url.bug" value="http://bugreport.sun.com/bugreport/"/>
    <property name="sun.cpu.endian" value="little"/>
    <property name="sun.io.unicode.encoding" value="UnicodeLittle"/>
    <property name="sun.desktop" value="gnome"/>
    <property name="sun.cpu.isalist" value=""/>
  </properties>
  <testcase classname="Scenario: Click on OK button" name="Then I click on element having id &quot;com.android2.calculator3:id/cling_dismiss&quot;" time="0.027">
    <skipped/>
    <system-out>Feature: Verify Calculator functionalities
</system-out>
  </testcase>
  <testcase classname="Scenario: Click on OK button" name="Scenario: Click on OK button" time="0.027">
    <skipped/>
  </testcase>
  <testcase classname="Scenario: Click on OK button" name="Scenario: Click on OK button" time="0.031"/>
  <testcase classname="Scenario: Addition" name="Then I click on element having id &quot;com.android2.calculator3:id/digit5&quot;" time="0.031">
    <skipped/>
    <system-out>
  Scenario: Click on OK button                                                    &amp;#27;[90m# features/calculator.feature:3&amp;#27;[0m
    &amp;#27;[33mThen &amp;#27;[0m&amp;#27;[33mI click on element having id &quot;com.android2.calculator3:id/cling_dismiss&quot;&amp;#27;[0m
</system-out>
  </testcase>
  <testcase classname="Scenario: Addition" name="Then I click on element having id &quot;com.android2.calculator3:id/plus&quot;" time="0.042">
    <skipped/>
  </testcase>
  <testcase classname="Scenario: Addition" name="Then I click on element having id &quot;com.android2.calculator3:id/digit9&quot;" time="0.045">
    <skipped/>
  </testcase>
  <testcase classname="Scenario: Addition" name="When I click on element having id &quot;com.android2.calculator3:id/equal&quot;" time="0.054">
    <skipped/>
  </testcase>
  <testcase classname="Scenario: Addition" name="Then element having xpath &quot;//android.widget.EditText[@index=0]&quot; should have text as &quot;14&quot;" time="0.057">
    <skipped/>
  </testcase>
  <testcase classname="Scenario: Addition" name="Scenario: Addition" time="0.058">
    <skipped/>
  </testcase>
  <testcase classname="Scenario: Addition" name="Scenario: Addition" time="0.059"/>
  <testcase classname="Scenario: I login with valid credential" name="Given I navigate to &quot;http://the-internet.herokuapp.com/login&quot;" time="0.016">
    <skipped/>
    <system-out>
  Scenario: Addition                                                                         &amp;#27;[90m# features/calculator.feature:6&amp;#27;[0m
    &amp;#27;[33mThen &amp;#27;[0m&amp;#27;[33mI click on element having id &quot;com.android2.calculator3:id/digit5&quot;&amp;#27;[0m
    &amp;#27;[33mThen &amp;#27;[0m&amp;#27;[33mI click on element having id &quot;com.android2.calculator3:id/plus&quot;&amp;#27;[0m
    &amp;#27;[33mThen &amp;#27;[0m&amp;#27;[33mI click on element having id &quot;com.android2.calculator3:id/digit9&quot;&amp;#27;[0m
    &amp;#27;[33mWhen &amp;#27;[0m&amp;#27;[33mI click on element having id &quot;com.android2.calculator3:id/equal&quot;&amp;#27;[0m
    &amp;#27;[33mThen &amp;#27;[0m&amp;#27;[33melement having xpath &quot;//android.widget.EditText[@index=0]&quot; should have text as &quot;14&quot;&amp;#27;[0m
Feature: Login
        As a user I should able to login into my app
</system-out>
  </testcase>
  <testcase classname="Scenario: I login with valid credential" name="And I enter &quot;tomsmith&quot; into input field having id &quot;username&quot;" time="0.022">
    <skipped/>
  </testcase>
  <testcase classname="Scenario: I login with valid credential" name="And I enter &quot;SuperSecretPassword!&quot; into input field having id &quot;password&quot;" time="0.039">
    <skipped/>
  </testcase>
  <testcase classname="Scenario: I login with valid credential" name="When I click on element having class &quot;radius&quot;" time="0.041">
    <skipped/>
  </testcase>
  <testcase classname="Scenario: I login with valid credential" name="Then I should get logged-in" time="0.05">
    <skipped/>
  </testcase>
  <testcase classname="Scenario: I login with valid credential" name="Scenario: I login with valid credential" time="0.05">
    <skipped/>
  </testcase>
  <testcase classname="Scenario: I login with valid credential" name="Scenario: I login with valid credential" time="0.05"/>
  <testcase classname="Scenario: Close browser" name="Then I close browser" time="0.01">
    <skipped/>
    <system-out>
  Scenario: I login with valid credential                                    &amp;#27;[90m# features/my_first.feature:4&amp;#27;[0m
    &amp;#27;[33mGiven &amp;#27;[0m&amp;#27;[33mI navigate to &quot;http://the-internet.herokuapp.com/login&quot;&amp;#27;[0m
    &amp;#27;[33mAnd &amp;#27;[0m&amp;#27;[33mI enter &quot;tomsmith&quot; into input field having id &quot;username&quot;&amp;#27;[0m
    &amp;#27;[33mAnd &amp;#27;[0m&amp;#27;[33mI enter &quot;SuperSecretPassword!&quot; into input field having id &quot;password&quot;&amp;#27;[0m
    &amp;#27;[33mWhen &amp;#27;[0m&amp;#27;[33mI click on element having class &quot;radius&quot;&amp;#27;[0m
    &amp;#27;[36mThen &amp;#27;[0m&amp;#27;[36mI should get logged-in&amp;#27;[0m                                              &amp;#27;[90m# UserStepDefinitions.should_logged_in()&amp;#27;[0m
</system-out>
  </testcase>
  <testcase classname="Scenario: Close browser" name="Scenario: Close browser" time="0.013">
    <skipped/>
  </testcase>
  <testcase classname="Scenario: Close browser" name="Scenario: Close browser" time="0.013"/>
</testsuite>